[23-Feb-2018 13:08:57 UTC] PHP Parse error:  syntax error, unexpected end of file in /home/ubuntu/workspace/wordpress/wp-config.php on line 105
[23-Feb-2018 13:08:57 UTC] PHP Stack trace:
[23-Feb-2018 13:08:57 UTC] PHP   1. {main}() /home/ubuntu/workspace/wordpress/wp-admin/admin-ajax.php:0
[23-Feb-2018 13:08:57 UTC] PHP   2. require_once() /home/ubuntu/workspace/wordpress/wp-admin/admin-ajax.php:22
[23-Feb-2018 13:08:57 UTC] PHP Parse error:  syntax error, unexpected end of file in /home/ubuntu/workspace/wordpress/wp-config.php on line 105
[23-Feb-2018 13:08:57 UTC] PHP Stack trace:
[23-Feb-2018 13:08:57 UTC] PHP   1. {main}() /home/ubuntu/workspace/wordpress/wp-admin/admin-ajax.php:0
[23-Feb-2018 13:08:57 UTC] PHP   2. require_once() /home/ubuntu/workspace/wordpress/wp-admin/admin-ajax.php:22
[23-Feb-2018 13:10:26 UTC] PHP Parse error:  syntax error, unexpected end of file in /home/ubuntu/workspace/wordpress/wp-config.php on line 105
[23-Feb-2018 13:10:26 UTC] PHP Stack trace:
[23-Feb-2018 13:10:26 UTC] PHP   1. {main}() /home/ubuntu/workspace/wordpress/wp-admin/admin-ajax.php:0
[23-Feb-2018 13:10:26 UTC] PHP   2. require_once() /home/ubuntu/workspace/wordpress/wp-admin/admin-ajax.php:22
[23-Feb-2018 13:10:57 UTC] PHP Parse error:  syntax error, unexpected end of file in /home/ubuntu/workspace/wordpress/wp-config.php on line 105
[23-Feb-2018 13:10:57 UTC] PHP Stack trace:
[23-Feb-2018 13:10:57 UTC] PHP   1. {main}() /home/ubuntu/workspace/wordpress/wp-admin/admin-ajax.php:0
[23-Feb-2018 13:10:57 UTC] PHP   2. require_once() /home/ubuntu/workspace/wordpress/wp-admin/admin-ajax.php:22
[26-Feb-2018 09:03:14 UTC] PHP Warning:  current() expects parameter 1 to be array, null given in /home/ubuntu/workspace/wordpress/wp-content/plugins/wp-multilang/includes/class-wpm-install.php on line 269
[26-Feb-2018 09:03:14 UTC] PHP Stack trace:
[26-Feb-2018 09:03:14 UTC] PHP   1. {main}() /home/ubuntu/workspace/wordpress/wp-admin/plugins.php:0
[26-Feb-2018 09:03:14 UTC] PHP   2. require_once() /home/ubuntu/workspace/wordpress/wp-admin/plugins.php:10
[26-Feb-2018 09:03:14 UTC] PHP   3. require_once() /home/ubuntu/workspace/wordpress/wp-admin/admin.php:31
[26-Feb-2018 09:03:14 UTC] PHP   4. require_once() /home/ubuntu/workspace/wordpress/wp-load.php:37
[26-Feb-2018 09:03:14 UTC] PHP   5. require_once() /home/ubuntu/workspace/wordpress/wp-config.php:94
[26-Feb-2018 09:03:14 UTC] PHP   6. do_action() /home/ubuntu/workspace/wordpress/wp-settings.php:450
[26-Feb-2018 09:03:14 UTC] PHP   7. WP_Hook->do_action() /home/ubuntu/workspace/wordpress/wp-includes/plugin.php:453
[26-Feb-2018 09:03:14 UTC] PHP   8. WP_Hook->apply_filters() /home/ubuntu/workspace/wordpress/wp-includes/class-wp-hook.php:310
[26-Feb-2018 09:03:14 UTC] PHP   9. call_user_func_array:{/home/ubuntu/workspace/wordpress/wp-includes/class-wp-hook.php:286}() /home/ubuntu/workspace/wordpress/wp-includes/class-wp-hook.php:286
[26-Feb-2018 09:03:14 UTC] PHP  10. WPM\Includes\WPM_Install::check_version() /home/ubuntu/workspace/wordpress/wp-includes/class-wp-hook.php:286
[26-Feb-2018 09:03:14 UTC] PHP  11. WPM\Includes\WPM_Install::install() /home/ubuntu/workspace/wordpress/wp-content/plugins/wp-multilang/includes/class-wpm-install.php:82
[26-Feb-2018 09:03:14 UTC] PHP  12. WPM\Includes\WPM_Install::create_options() /home/ubuntu/workspace/wordpress/wp-content/plugins/wp-multilang/includes/class-wpm-install.php:122
[26-Feb-2018 09:03:14 UTC] PHP  13. current() /home/ubuntu/workspace/wordpress/wp-content/plugins/wp-multilang/includes/class-wpm-install.php:269
[01-Mar-2018 07:30:40 UTC] PHP Warning:  current() expects parameter 1 to be array, null given in /home/ubuntu/workspace/wordpress/wp-content/plugins/wp-multilang/includes/class-wpm-install.php on line 269
[01-Mar-2018 07:30:40 UTC] PHP Stack trace:
[01-Mar-2018 07:30:40 UTC] PHP   1. {main}() /home/ubuntu/workspace/wordpress/wp-admin/plugins.php:0
[01-Mar-2018 07:30:40 UTC] PHP   2. require_once() /home/ubuntu/workspace/wordpress/wp-admin/plugins.php:10
[01-Mar-2018 07:30:40 UTC] PHP   3. require_once() /home/ubuntu/workspace/wordpress/wp-admin/admin.php:31
[01-Mar-2018 07:30:40 UTC] PHP   4. require_once() /home/ubuntu/workspace/wordpress/wp-load.php:37
[01-Mar-2018 07:30:40 UTC] PHP   5. require_once() /home/ubuntu/workspace/wordpress/wp-config.php:94
[01-Mar-2018 07:30:40 UTC] PHP   6. do_action() /home/ubuntu/workspace/wordpress/wp-settings.php:450
[01-Mar-2018 07:30:40 UTC] PHP   7. WP_Hook->do_action() /home/ubuntu/workspace/wordpress/wp-includes/plugin.php:453
[01-Mar-2018 07:30:40 UTC] PHP   8. WP_Hook->apply_filters() /home/ubuntu/workspace/wordpress/wp-includes/class-wp-hook.php:310
[01-Mar-2018 07:30:40 UTC] PHP   9. call_user_func_array:{/home/ubuntu/workspace/wordpress/wp-includes/class-wp-hook.php:286}() /home/ubuntu/workspace/wordpress/wp-includes/class-wp-hook.php:286
[01-Mar-2018 07:30:40 UTC] PHP  10. WPM\Includes\WPM_Install::check_version() /home/ubuntu/workspace/wordpress/wp-includes/class-wp-hook.php:286
[01-Mar-2018 07:30:40 UTC] PHP  11. WPM\Includes\WPM_Install::install() /home/ubuntu/workspace/wordpress/wp-content/plugins/wp-multilang/includes/class-wpm-install.php:82
[01-Mar-2018 07:30:40 UTC] PHP  12. WPM\Includes\WPM_Install::create_options() /home/ubuntu/workspace/wordpress/wp-content/plugins/wp-multilang/includes/class-wpm-install.php:122
[01-Mar-2018 07:30:40 UTC] PHP  13. current() /home/ubuntu/workspace/wordpress/wp-content/plugins/wp-multilang/includes/class-wpm-install.php:269
[06-Mar-2018 09:23:58 UTC] PHP Parse error:  syntax error, unexpected '}' in /home/ubuntu/workspace/wordpress/wp-content/themes/panaderia/functions.php on line 621
[06-Mar-2018 09:23:58 UTC] PHP Stack trace:
[06-Mar-2018 09:23:58 UTC] PHP   1. {main}() /home/ubuntu/workspace/wordpress/wp-admin/admin-ajax.php:0
[06-Mar-2018 09:23:58 UTC] PHP   2. require_once() /home/ubuntu/workspace/wordpress/wp-admin/admin-ajax.php:22
[06-Mar-2018 09:23:58 UTC] PHP   3. require_once() /home/ubuntu/workspace/wordpress/wp-load.php:37
[06-Mar-2018 09:23:58 UTC] PHP   4. require_once() /home/ubuntu/workspace/wordpress/wp-config.php:94
[06-Mar-2018 09:24:41 UTC] PHP Parse error:  syntax error, unexpected '}' in /home/ubuntu/workspace/wordpress/wp-content/themes/panaderia/functions.php on line 621
[06-Mar-2018 09:24:41 UTC] PHP Stack trace:
[06-Mar-2018 09:24:41 UTC] PHP   1. {main}() /home/ubuntu/workspace/wordpress/wp-admin/admin-ajax.php:0
[06-Mar-2018 09:24:41 UTC] PHP   2. require_once() /home/ubuntu/workspace/wordpress/wp-admin/admin-ajax.php:22
[06-Mar-2018 09:24:41 UTC] PHP   3. require_once() /home/ubuntu/workspace/wordpress/wp-load.php:37
[06-Mar-2018 09:24:41 UTC] PHP   4. require_once() /home/ubuntu/workspace/wordpress/wp-config.php:94
[06-Mar-2018 09:25:34 UTC] PHP Parse error:  syntax error, unexpected '}' in /home/ubuntu/workspace/wordpress/wp-content/themes/panaderia/functions.php on line 621
[06-Mar-2018 09:25:34 UTC] PHP Stack trace:
[06-Mar-2018 09:25:34 UTC] PHP   1. {main}() /home/ubuntu/workspace/wordpress/wp-admin/options-general.php:0
[06-Mar-2018 09:25:34 UTC] PHP   2. require_once() /home/ubuntu/workspace/wordpress/wp-admin/options-general.php:10
[06-Mar-2018 09:25:34 UTC] PHP   3. require_once() /home/ubuntu/workspace/wordpress/wp-admin/admin.php:31
[06-Mar-2018 09:25:34 UTC] PHP   4. require_once() /home/ubuntu/workspace/wordpress/wp-load.php:37
[06-Mar-2018 09:25:34 UTC] PHP   5. require_once() /home/ubuntu/workspace/wordpress/wp-config.php:94
